TN:
SF:script/HatsSignerGate.s.sol
FN:13,BaseScript.getChainKey
FNDA:865,BaseScript.getChainKey
DA:14,865
FN:35,DeployImplementation.setDeployParams
FNDA:0,DeployImplementation.setDeployParams
DA:36,211
DA:37,211
DA:38,211
DA:39,211
DA:41,211
DA:44,211
FN:48,DeployImplementation.prepare
FNDA:211,DeployImplementation.prepare
DA:49,211
FN:52,DeployImplementation.run
FNDA:211,DeployImplementation.run
DA:53,211
DA:54,211
DA:55,211
DA:56,211
DA:58,211
DA:61,211
DA:63,0
BRDA:63,0,0,-
DA:64,0
DA:65,0
DA:67,0
DA:68,0
BRDA:68,1,0,-
BRDA:68,1,1,-
DA:69,0
DA:71,0
DA:74,0
DA:75,0
DA:76,0
DA:77,0
DA:80,211
FN:102,DeployInstance.prepare1
FNDA:654,DeployInstance.prepare1
DA:113,654
DA:114,654
DA:115,654
DA:116,654
DA:117,654
DA:118,654
DA:119,654
DA:120,654
DA:121,654
FN:124,DeployInstance.prepare2
FNDA:654,DeployInstance.prepare2
DA:125,654
DA:126,654
FN:129,DeployInstance.setModuleFactory
FNDA:0,DeployInstance.setModuleFactory
DA:130,654
DA:131,654
DA:132,654
DA:133,654
DA:135,654
DA:138,654
FN:141,DeployInstance.setupParams
FNDA:0,DeployInstance.setupParams
DA:142,654
DA:153,0
FN:156,DeployInstance.run
FNDA:654,DeployInstance.run
DA:157,654
DA:159,654
DA:160,654
DA:161,654
DA:163,654
DA:167,654
DA:169,5
BRDA:169,0,0,5
DA:170,5
BRDA:170,1,0,-
DA:171,0
DA:175,654
FNF:9
FNH:6
LF:55
LH:42
BRF:5
BRH:1
end_of_record
TN:
SF:src/HatsSignerGate.sol
FN:119,HatsSignerGate._checkOwner
FNDA:14977,HatsSignerGate._checkOwner
DA:120,14977
BRDA:120,0,0,2366
FN:124,HatsSignerGate._checkUnlocked
FNDA:17756,HatsSignerGate._checkUnlocked
DA:125,2829
BRDA:125,1,0,2829
FN:132,HatsSignerGate.
FNDA:281,HatsSignerGate.
DA:139,281
DA:140,281
DA:141,281
DA:142,281
DA:143,281
DA:146,281
FN:154,HatsSignerGate.setUp
FNDA:725,HatsSignerGate.setUp
DA:155,723
DA:158,723
BRDA:158,2,0,461
DA:159,461
DA:165,723
DA:167,264
BRDA:167,3,0,264
DA:170,723
DA:173,723
DA:174,723
DA:175,723
DA:178,723
DA:181,723
DA:182,723
DA:183,1545
DA:187,723
BRDA:187,4,0,515
DA:190,723
DA:191,723
DA:192,723
FN:200,HatsSignerGate.claimSigner
FNDA:12137,HatsSignerGate.claimSigner
DA:202,12137
DA:205,11623
FN:209,HatsSignerGate.claimSignerFor
FNDA:2313,HatsSignerGate.claimSignerFor
DA:211,2313
BRDA:211,5,0,257
DA:214,2056
DA:217,1285
FN:221,HatsSignerGate.claimSignersFor
FNDA:2056,HatsSignerGate.claimSignersFor
DA:223,2056
BRDA:223,6,0,514
DA:226,1542
DA:227,1542
BRDA:227,7,0,-
DA:229,1542
DA:231,1542
DA:233,1542
DA:236,1542
DA:239,1542
DA:242,1542
DA:243,12318
DA:244,12318
DA:247,12318
DA:250,11804
BRDA:250,8,0,6432
DA:252,6432
DA:255,6432
BRDA:255,9,0,450
BRDA:255,9,1,5982
DA:256,450
DA:259,5982
DA:260,5982
DA:264,6432
DA:269,1028
DA:270,1028
BRDA:270,10,0,739
DA:271,739
FN:276,HatsSignerGate.removeSigner
FNDA:772,HatsSignerGate.removeSigner
DA:277,772
BRDA:277,11,0,257
DA:280,515
FN:288,HatsSignerGate.lock
FNDA:3087,HatsSignerGate.lock
DA:289,3087
DA:290,2830
DA:291,2829
FN:295,HatsSignerGate.setOwnerHat
FNDA:771,HatsSignerGate.setOwnerHat
DA:296,771
DA:297,514
DA:298,257
FN:302,HatsSignerGate.addSignerHats
FNDA:771,HatsSignerGate.addSignerHats
DA:303,771
DA:304,514
DA:305,257
FN:309,HatsSignerGate.setThresholdConfig
FNDA:776,HatsSignerGate.setThresholdConfig
DA:310,776
DA:311,519
DA:312,262
DA:315,261
DA:318,261
DA:320,261
BRDA:320,12,0,204
DA:321,204
DA:324,261
FN:328,HatsSignerGate.setClaimableFor
FNDA:4369,HatsSignerGate.setClaimableFor
DA:329,4369
DA:330,4112
DA:331,3855
FN:335,HatsSignerGate.detachHSG
FNDA:259,HatsSignerGate.detachHSG
DA:336,259
DA:337,2
DA:338,1
DA:341,1
DA:342,1
DA:343,1
FN:347,HatsSignerGate.migrateToNewHSG
FNDA:517,HatsSignerGate.migrateToNewHSG
DA:350,517
DA:351,516
DA:353,515
DA:355,515
DA:357,515
DA:359,515
DA:362,515
DA:363,515
BRDA:363,13,0,514
DA:365,514
BRDA:365,14,0,-
DA:367,514
DA:369,258
FN:373,HatsSignerGate.enableDelegatecallTarget
FNDA:1779,HatsSignerGate.enableDelegatecallTarget
DA:374,1779
DA:375,1522
DA:377,1265
FN:381,HatsSignerGate.disableDelegatecallTarget
FNDA:771,HatsSignerGate.disableDelegatecallTarget
DA:382,771
DA:383,514
DA:385,257
FN:394,HatsSignerGate.checkTransaction
FNDA:41,HatsSignerGate.checkTransaction
DA:408,817
BRDA:408,15,0,1
DA:414,816
DA:417,816
BRDA:417,16,0,2
DA:420,814
BRDA:420,17,0,7
DA:421,7
DA:438,811
DA:439,811
DA:442,811
DA:444,811
BRDA:444,18,0,253
BRDA:444,18,1,556
DA:447,253
BRDA:447,19,0,3
DA:451,250
DA:452,250
DA:453,250
DA:454,558
BRDA:454,20,0,2
DA:458,2
DA:467,806
BRDA:467,21,0,258
DA:470,548
DA:485,548
BRDA:485,22,0,261
FN:502,HatsSignerGate.checkAfterExecution
FNDA:27,HatsSignerGate.checkAfterExecution
DA:503,798
DA:504,798
BRDA:504,23,0,257
DA:508,541
DA:509,261
BRDA:509,24,0,261
DA:515,282
DA:516,12
BRDA:516,25,0,12
DA:521,273
FN:529,HatsSignerGate.thresholdConfig
FNDA:774,HatsSignerGate.thresholdConfig
DA:530,774
FN:534,HatsSignerGate.isValidSigner
FNDA:10571,HatsSignerGate.isValidSigner
DA:537,43759
FN:541,HatsSignerGate.isValidSignerHat
FNDA:15257,HatsSignerGate.isValidSignerHat
DA:542,50443
FN:546,HatsSignerGate.validSignerCount
FNDA:2060,HatsSignerGate.validSignerCount
DA:547,2060
FN:551,HatsSignerGate.canAttachToSafe
FNDA:258,HatsSignerGate.canAttachToSafe
DA:552,258
FN:556,HatsSignerGate.getSafeDeployParamAddresses
FNDA:1,HatsSignerGate.getSafeDeployParamAddresses
DA:566,1
FN:575,HatsSignerGate._setOwnerHat
FNDA:1237,HatsSignerGate._setOwnerHat
DA:576,1237
DA:577,1237
FN:583,HatsSignerGate._addSignerHats
FNDA:2267,HatsSignerGate._addSignerHats
DA:584,2267
DA:585,16834
DA:588,2267
FN:593,HatsSignerGate._setThresholdConfig
FNDA:4065,HatsSignerGate._setThresholdConfig
DA:595,4065
BRDA:595,26,0,256
DA:597,3809
DA:598,2653
BRDA:598,27,0,2653
BRDA:597,27,1,899
DA:599,2653
BRDA:599,28,0,257
DA:602,1156
BRDA:602,29,0,257
DA:605,3295
DA:608,3295
FN:615,HatsSignerGate._countValidSigners
FNDA:2317,HatsSignerGate._countValidSigners
DA:617,2317
DA:618,20579
DA:619,14770
BRDA:619,30,0,14770
DA:621,14770
FN:634,HatsSignerGate._countValidSignatures
FNDA:1576,HatsSignerGate._countValidSignatures
DA:640,1576
DA:641,1576
DA:642,1576
DA:643,1576
DA:644,1576
DA:646,13413
DA:647,11837
DA:648,11837
DA:649,3765
BRDA:649,31,0,3765
BRDA:648,31,1,2702
DA:651,3765
DA:652,8072
DA:653,2735
BRDA:653,32,0,2735
BRDA:652,32,1,2702
DA:655,2735
DA:656,5337
DA:657,2635
BRDA:657,33,0,2635
BRDA:656,33,1,2702
DA:660,2635
DA:664,2702
DA:667,11837
DA:668,6498
BRDA:668,34,0,6498
DA:670,6498
FN:678,HatsSignerGate._setClaimableFor
FNDA:4835,HatsSignerGate._setClaimableFor
DA:679,4835
DA:680,4835
FN:687,HatsSignerGate._registerSigner
FNDA:35186,HatsSignerGate._registerSigner
DA:689,35186
BRDA:689,35,0,1028
DA:692,34158
BRDA:692,36,0,1028
DA:696,33130
DA:697,21250
BRDA:697,37,0,21250
BRDA:697,38,0,514
DA:701,32616
DA:704,32616
FN:711,HatsSignerGate._addSigner
FNDA:23120,HatsSignerGate._addSigner
DA:712,23120
DA:715,23120
DA:716,21431
BRDA:716,39,0,21431
DA:717,21431
DA:720,21431
DA:723,21431
DA:724,5158
BRDA:724,40,0,5158
BRDA:723,40,1,16273
DA:725,5158
DA:728,16273
DA:730,16273
DA:734,21431
FN:741,HatsSignerGate._removeSigner
FNDA:1284,HatsSignerGate._removeSigner
DA:742,1284
DA:743,1284
DA:744,1284
DA:746,1284
DA:748,1284
DA:749,830
BRDA:749,41,0,830
BRDA:748,41,1,454
DA:750,830
DA:753,454
DA:755,454
DA:760,1284
FN:767,HatsSignerGate._getRequiredValidSignatures
FNDA:30008,HatsSignerGate._getRequiredValidSignatures
DA:769,30008
DA:772,30008
DA:773,26912
BRDA:773,42,0,26912
BRDA:772,42,1,3096
DA:774,26912
BRDA:774,43,0,3046
BRDA:774,43,1,4342
DA:775,23866
BRDA:775,44,0,19524
BRDA:775,44,1,4342
DA:776,4342
DA:780,3096
DA:782,3096
BRDA:782,45,0,2247
FN:791,HatsSignerGate._getNewThreshold
FNDA:27399,HatsSignerGate._getNewThreshold
DA:793,27399
DA:795,27399
DA:796,4084
BRDA:796,46,0,4084
FN:801,HatsSignerGate._lock
FNDA:3095,HatsSignerGate._lock
DA:802,3095
DA:803,3095
FN:809,HatsSignerGate._setDelegatecallTarget
FNDA:4459,HatsSignerGate._setDelegatecallTarget
DA:810,4459
DA:811,4459
FN:815,HatsSignerGate.
FNDA:0,HatsSignerGate.
FN:834,HatsSignerGate.execTransactionFromModule
FNDA:16,HatsSignerGate.execTransactionFromModule
DA:840,15
DA:843,15
DA:846,10
DA:850,9
BRDA:850,47,0,9
BRDA:849,47,1,1
DA:852,1
DA:857,10
BRDA:857,48,0,8
FN:870,HatsSignerGate.execTransactionFromModuleReturnData
FNDA:16,HatsSignerGate.execTransactionFromModuleReturnData
DA:876,15
DA:879,15
DA:882,10
DA:886,9
BRDA:886,49,0,9
BRDA:885,49,1,1
DA:888,1
DA:893,10
BRDA:893,50,0,8
FN:898,HatsSignerGate.disableModule
FNDA:1028,HatsSignerGate.disableModule
DA:899,1028
DA:900,771
DA:901,514
FN:907,HatsSignerGate.enableModule
FNDA:2077,HatsSignerGate.enableModule
DA:908,2077
DA:909,1820
DA:910,1563
FN:920,HatsSignerGate.setGuard
FNDA:1549,HatsSignerGate.setGuard
DA:921,1549
DA:922,1292
DA:923,1035
FN:933,HatsSignerGate._checkModuleTransaction
FNDA:799,HatsSignerGate._checkModuleTransaction
DA:935,799
DA:936,534
BRDA:936,51,0,534
BRDA:935,51,1,260
DA:938,534
BRDA:938,52,0,262
DA:942,272
DA:943,272
DA:944,272
DA:945,265
DA:946,5
BRDA:946,53,0,5
DA:949,5
FN:959,HatsSignerGate._checkSafeState
FNDA:289,HatsSignerGate._checkSafeState
DA:960,289
BRDA:960,54,0,4
DA:963,285
BRDA:963,55,0,7
DA:966,278
BRDA:966,56,0,10
DA:969,268
BRDA:969,57,0,3
DA:972,265
DA:979,265
DA:980,261
BRDA:980,58,0,261
FNF:46
FNH:45
LF:245
LH:245
BRF:73
BRH:71
end_of_record
TN:
SF:src/lib/SafeManagerLib.sol
FN:38,SafeManagerLib.deploySafeAndAttachHSG
FNDA:462,SafeManagerLib.deploySafeAndAttachHSG
DA:44,462
DA:47,462
DA:48,462
DA:50,462
DA:65,462
DA:68,462
DA:69,462
DA:72,462
FN:89,SafeManagerLib.encodeEnableModuleAction
FNDA:1235,SafeManagerLib.encodeEnableModuleAction
DA:90,1235
FN:95,SafeManagerLib.encodeDisableModuleAction
FNDA:1031,SafeManagerLib.encodeDisableModuleAction
DA:100,1031
FN:108,SafeManagerLib.encodeSetGuardAction
FNDA:1753,SafeManagerLib.encodeSetGuardAction
DA:109,1753
FN:113,SafeManagerLib.encodeRemoveHSGAsGuardAction
FNDA:1,SafeManagerLib.encodeRemoveHSGAsGuardAction
DA:115,1
FN:123,SafeManagerLib.encodeSwapOwnerAction
FNDA:6695,SafeManagerLib.encodeSwapOwnerAction
DA:128,6695
FN:133,SafeManagerLib.encodeRemoveOwnerAction
FNDA:711,SafeManagerLib.encodeRemoveOwnerAction
DA:138,711
FN:142,SafeManagerLib.encodeAddOwnerWithThresholdAction
FNDA:22512,SafeManagerLib.encodeAddOwnerWithThresholdAction
DA:147,22512
FN:155,SafeManagerLib.encodeChangeThresholdAction
FNDA:1771,SafeManagerLib.encodeChangeThresholdAction
DA:156,1771
FN:164,SafeManagerLib.execSafeTransactionFromHSG
FNDA:32984,SafeManagerLib.execSafeTransactionFromHSG
DA:165,32984
FN:169,SafeManagerLib.execDisableHSGAsOnlyModule
FNDA:2,SafeManagerLib.execDisableHSGAsOnlyModule
DA:171,2
DA:174,2
FN:179,SafeManagerLib.execDisableHSGAsModule
FNDA:772,SafeManagerLib.execDisableHSGAsModule
DA:180,772
DA:182,772
FN:187,SafeManagerLib.execRemoveHSGAsGuard
FNDA:517,SafeManagerLib.execRemoveHSGAsGuard
DA:188,517
DA:190,517
FN:196,SafeManagerLib.execAttachNewHSG
FNDA:516,SafeManagerLib.execAttachNewHSG
DA:197,516
DA:198,516
DA:200,516
DA:201,516
FN:205,SafeManagerLib.execChangeThreshold
FNDA:1514,SafeManagerLib.execChangeThreshold
DA:206,1514
FN:214,SafeManagerLib.getSafeGuard
FNDA:294,SafeManagerLib.getSafeGuard
DA:215,294
FN:219,SafeManagerLib.getSafeFallbackHandler
FNDA:1356,SafeManagerLib.getSafeFallbackHandler
DA:221,1356
FN:227,SafeManagerLib.getModulesWith1
FNDA:266,SafeManagerLib.getModulesWith1
DA:228,266
FN:233,SafeManagerLib.canAttachHSG
FNDA:260,SafeManagerLib.canAttachHSG
DA:234,260
DA:236,260
FN:244,SafeManagerLib.findPrevOwner
FNDA:555,SafeManagerLib.findPrevOwner
DA:245,555
DA:247,555
DA:248,4768
DA:249,555
BRDA:249,0,0,555
DA:250,472
FNF:20
FNH:20
LF:38
LH:38
BRF:1
BRH:1
end_of_record
TN:
SF:src/lib/zodiac-modified/GuardableUnowned.sol
FN:20,GuardableUnowned._setGuard
FNDA:1550,GuardableUnowned._setGuard
DA:21,1550
BRDA:21,0,0,1293
DA:22,1293
BRDA:22,1,0,-
DA:23,0
DA:26,1293
DA:27,1293
FN:30,GuardableUnowned.getGuard
FNDA:1805,GuardableUnowned.getGuard
DA:31,1805
FNF:2
FNH:2
LF:6
LH:5
BRF:2
BRH:1
end_of_record
TN:
SF:src/lib/zodiac-modified/ModifierUnowned.sol
FN:70,ModifierUnowned.moduleOnly
FNDA:16,ModifierUnowned.moduleOnly
DA:71,16
BRDA:71,0,0,1
FN:79,ModifierUnowned.disableModule
FNDA:514,ModifierUnowned.disableModule
DA:80,514
BRDA:80,1,0,-
DA:81,0
DA:83,514
BRDA:83,2,0,-
DA:84,514
DA:85,514
DA:86,514
FN:92,ModifierUnowned._enableModule
FNDA:3108,ModifierUnowned._enableModule
DA:93,3108
BRDA:93,3,0,-
DA:94,0
DA:96,3108
BRDA:96,4,0,-
DA:97,3108
DA:98,3108
DA:99,3108
FN:104,ModifierUnowned.isModuleEnabled
FNDA:1799,ModifierUnowned.isModuleEnabled
DA:105,1799
FN:115,ModifierUnowned.getModulesPaginated
FNDA:514,ModifierUnowned.getModulesPaginated
DA:120,514
BRDA:120,5,0,-
DA:121,0
DA:123,514
BRDA:123,6,0,-
DA:124,0
DA:128,514
DA:131,514
DA:132,514
DA:133,2056
DA:134,1542
DA:135,1542
DA:136,1542
DA:146,514
BRDA:146,7,0,-
DA:147,0
DA:152,514
FN:158,ModifierUnowned.setupModules
FNDA:723,ModifierUnowned.setupModules
DA:159,723
BRDA:159,8,0,-
DA:160,0
DA:162,723
FNF:6
FNH:6
LF:31
LH:25
BRF:9
BRH:1
end_of_record
TN:
SF:test/TestSuite.t.sol
FN:27,SafeTestHelpers._getEthTransferSafeTxHash
FNDA:0,SafeTestHelpers._getEthTransferSafeTxHash
DA:28,0
FN:43,SafeTestHelpers._getTxHash
FNDA:36,SafeTestHelpers._getTxHash
DA:48,36
FN:63,SafeTestHelpers._createNSigsForTx
FNDA:42,SafeTestHelpers._createNSigsForTx
DA:64,42
DA:65,42
DA:66,42
DA:67,42
DA:68,42
DA:70,42
DA:72,89
DA:74,89
DA:76,89
DA:77,89
DA:79,42
DA:81,42
DA:82,89
DA:84,89
FN:88,SafeTestHelpers._signaturesForEthTransferTx
FNDA:0,SafeTestHelpers._signaturesForEthTransferTx
DA:93,0
DA:96,0
DA:97,0
DA:98,0
DA:99,0
DA:100,0
DA:102,0
DA:104,0
DA:106,0
DA:108,0
DA:109,0
DA:111,0
DA:115,0
DA:118,0
DA:119,0
DA:120,0
FN:124,SafeTestHelpers._createAddressesFromPks
FNDA:211,SafeTestHelpers._createAddressesFromPks
DA:129,211
DA:130,211
DA:132,211
DA:133,4220
DA:134,4220
FN:139,SafeTestHelpers._sort
FNDA:42,SafeTestHelpers._sort
DA:140,42
DA:141,42
DA:142,42
DA:143,41
DA:144,88
DA:145,47
DA:146,47
DA:147,47
BRDA:147,1,0,47
DA:148,47
DA:149,47
DA:150,47
DA:153,41
BRDA:153,2,0,-
DA:154,41
BRDA:154,3,0,-
FN:157,SafeTestHelpers._findPrevOwner
FNDA:4,SafeTestHelpers._findPrevOwner
DA:158,4
DA:160,4
DA:161,4
BRDA:161,4,0,4
DA:162,4
DA:163,0
FN:169,SafeTestHelpers._getSafeTxHash
FNDA:0,SafeTestHelpers._getSafeTxHash
DA:170,9
FN:185,SafeTestHelpers._getSafeDelegatecallHash
FNDA:0,SafeTestHelpers._getSafeDelegatecallHash
DA:190,0
FN:196,SafeTestHelpers._executeSafeTxFrom
FNDA:0,SafeTestHelpers._executeSafeTxFrom
DA:197,0
FN:213,SafeTestHelpers._executeEthTransferFromSafe
FNDA:0,SafeTestHelpers._executeEthTransferFromSafe
DA:214,0
DA:216,0
DA:218,0
FN:291,TestSuite.setUp
FNDA:211,TestSuite.setUp
DA:293,211
DA:296,211
DA:297,211
DA:298,211
DA:301,211
DA:302,211
DA:303,211
DA:304,211
DA:305,211
DA:306,211
DA:309,211
DA:312,211
DA:315,211
DA:316,211
DA:317,211
DA:318,211
DA:319,211
DA:322,211
DA:323,211
DA:324,211
DA:325,211
DA:328,211
DA:329,211
DA:330,211
DA:331,211
DA:334,211
DA:335,211
DA:337,211
DA:338,211
DA:339,211
DA:341,211
DA:342,2110
DA:346,211
DA:347,211
DA:349,211
DA:352,211
FN:363,TestSuite._deploySafe
FNDA:516,TestSuite._deploySafe
DA:365,516
DA:378,516
FN:381,TestSuite._deployHSG
FNDA:257,TestSuite._deployHSG
DA:394,257
DA:395,257
DA:406,257
DA:408,257
BRDA:408,0,0,-
DA:409,0
DA:413,257
FN:416,TestSuite._deployHSGAndSafe
FNDA:392,TestSuite._deployHSGAndSafe
DA:427,392
DA:428,392
DA:439,392
DA:440,392
DA:441,392
FN:444,TestSuite._getSafeGuard
FNDA:1033,TestSuite._getSafeGuard
DA:445,1033
FN:452,TestSuite._addSignersSameHat
FNDA:1061,TestSuite._addSignersSameHat
DA:453,1061
DA:454,8132
DA:455,8132
DA:456,8132
DA:457,8132
DA:458,8132
FN:462,TestSuite._addSignersDifferentHats
FNDA:2,TestSuite._addSignersDifferentHats
DA:463,2
DA:464,6
DA:465,6
DA:466,6
FN:470,TestSuite._setSignerValidity
FNDA:53935,TestSuite._setSignerValidity
DA:471,40683
BRDA:471,1,0,40683
BRDA:471,1,1,13252
DA:472,40683
DA:474,40337
DA:475,40337
DA:478,13252
DA:479,13252
FN:484,TestSuite._constructSingleActionMultiSendTx
FNDA:17,TestSuite._constructSingleActionMultiSendTx
DA:489,17
DA:496,17
DA:497,17
FN:504,TestSuite._generateFuzzingAddresses
FNDA:211,TestSuite._generateFuzzingAddresses
DA:505,211
DA:506,211
DA:507,10550
DA:509,211
FN:516,TestSuite.assertValidSignerHats
FNDA:0,TestSuite.assertValidSignerHats
DA:517,771
DA:518,9110
FN:522,TestSuite.assertCorrectModules
FNDA:0,TestSuite.assertCorrectModules
DA:523,514
DA:524,514
DA:525,514
DA:527,1542
DA:529,514
FN:532,TestSuite.assertEq
FNDA:0,TestSuite.assertEq
DA:536,514
DA:537,514
DA:538,514
FN:541,TestSuite.assertOnlyModule
FNDA:0,TestSuite.assertOnlyModule
DA:542,0
DA:543,0
DA:544,0
DA:545,0
FN:552,TestSuite._createValidThresholdConfig
FNDA:2826,TestSuite._createValidThresholdConfig
DA:558,2826
DA:560,2826
DA:561,2826
BRDA:561,3,0,1717
BRDA:561,3,1,1109
DA:563,1717
DA:566,1109
DA:569,2826
DA:570,2826
DA:571,2826
DA:573,2826
FN:576,TestSuite._calcProportionalTargetSignatures
FNDA:202,TestSuite._calcProportionalTargetSignatures
DA:577,202
FN:581,TestSuite._calcProportionalRequiredValidSignatures
FNDA:257,TestSuite._calcProportionalRequiredValidSignatures
DA:586,257
DA:587,202
DA:588,202
DA:589,158
FN:592,TestSuite._calcAbsoluteRequiredValidSignatures
FNDA:514,TestSuite._calcAbsoluteRequiredValidSignatures
DA:597,514
DA:598,459
DA:599,349
FN:602,TestSuite._calcRequiredValidSignatures
FNDA:0,TestSuite._calcRequiredValidSignatures
DA:607,0
BRDA:607,8,0,-
DA:608,0
DA:610,0
FN:615,TestSuite._mockHatWearer
FNDA:2313,TestSuite._mockHatWearer
DA:616,2313
FN:621,TestSuite._getRandomBool
FNDA:10740,TestSuite._getRandomBool
DA:622,10740
FN:626,TestSuite._getRandomSignerHats
FNDA:1028,TestSuite._getRandomSignerHats
DA:628,1028
DA:631,1028
DA:632,1028
DA:633,16188
DA:635,1028
FN:639,TestSuite._getRandomValidSignerHatsWithoutReplacement
FNDA:0,TestSuite._getRandomValidSignerHatsWithoutReplacement
DA:644,0
DA:645,0
DA:646,0
DA:647,0
DA:649,0
DA:650,0
DA:651,0
BRDA:651,9,0,-
DA:652,0
DA:653,0
DA:654,0
DA:658,0
FN:662,TestSuite._getRandomValidSignerHatsWithReplacement
FNDA:0,TestSuite._getRandomValidSignerHatsWithReplacement
DA:667,0
DA:668,0
DA:669,0
DA:670,0
DA:672,0
FN:675,TestSuite._getRandomValidSignerHat
FNDA:3980,TestSuite._getRandomValidSignerHat
DA:676,3980
DA:677,3980
FN:680,TestSuite._getRandomAddress
FNDA:9024,TestSuite._getRandomAddress
DA:681,9024
FN:684,TestSuite._getRandomAddress
FNDA:18658,TestSuite._getRandomAddress
DA:685,18658
DA:686,18658
FN:689,TestSuite._getRandomSigners
FNDA:0,TestSuite._getRandomSigners
DA:690,0
DA:691,0
DA:692,0
DA:693,0
DA:695,0
DA:696,0
DA:697,0
BRDA:697,10,0,-
DA:698,0
DA:699,0
DA:700,0
DA:704,0
FN:707,TestSuite._getRandomAddresses
FNDA:0,TestSuite._getRandomAddresses
DA:708,0
BRDA:708,11,0,-
BRDA:708,11,1,-
DA:709,0
DA:710,0
DA:711,0
DA:713,0
DA:714,0
DA:715,0
BRDA:715,12,0,-
DA:716,0
DA:717,0
DA:718,0
DA:722,0
FN:725,TestSuite._getRandomGuard
FNDA:771,TestSuite._getRandomGuard
DA:726,771
DA:727,771
FN:730,TestSuite._getSignaturesForEmptyTx
FNDA:9,TestSuite._getSignaturesForEmptyTx
DA:735,9
DA:736,9
BRDA:736,13,0,9
BRDA:736,13,1,-
DA:737,9
DA:739,0
DA:741,9
FN:744,TestSuite._executeEmptyCallFromSafe
FNDA:9,TestSuite._executeEmptyCallFromSafe
DA:746,9
DA:749,9
DA:750,9
FN:753,TestSuite._createContractSignature
FNDA:1030,TestSuite._createContractSignature
DA:755,1030
DA:757,1030
DA:759,1030
DA:760,1030
FN:763,TestSuite._createNContractSigs
FNDA:515,TestSuite._createNContractSigs
DA:764,515
DA:765,1030
DA:767,0
FN:770,TestSuite.callerIsOwner
FNDA:2572,TestSuite.callerIsOwner
DA:772,2572
DA:775,2572
FN:780,TestSuite.callerIsSafe
FNDA:258,TestSuite.callerIsSafe
DA:781,257
BRDA:781,14,0,257
BRDA:781,14,1,257
DA:782,257
DA:784,1
FN:791,WithHSGInstanceTest.setUp
FNDA:134,WithHSGInstanceTest.setUp
DA:792,134
DA:794,134
FN:806,WithHSGInstanceTest.isLocked
FNDA:2572,WithHSGInstanceTest.isLocked
DA:807,2572
BRDA:807,0,0,514
DA:808,514
DA:809,514
FN:814,WithHSGInstanceTest.isClaimableFor
FNDA:257,WithHSGInstanceTest.isClaimableFor
DA:815,257
BRDA:815,1,0,257
DA:816,257
DA:817,257
FN:829,WithHSGHarnessInstanceTest.setUp
FNDA:69,WithHSGHarnessInstanceTest.setUp
DA:830,69
DA:833,69
DA:842,69
DA:855,69
DA:863,69
FN:866,WithHSGHarnessInstanceTest._addSignersSameHat
FNDA:9,WithHSGHarnessInstanceTest._addSignersSameHat
DA:867,9
DA:868,18
DA:869,18
DA:870,18
DA:871,18
DA:872,18
FN:877,WithHSGHarnessInstanceTest._addRandomSigners
FNDA:769,WithHSGHarnessInstanceTest._addRandomSigners
DA:879,769
DA:882,769
DA:883,769
DA:885,10744
DA:888,10744
DA:889,10744
DA:890,118998
BRDA:890,0,0,2324
DA:891,2324
DA:892,2324
DA:895,10744
BRDA:895,1,0,8420
DA:896,8420
DA:899,8420
DA:900,8420
DA:902,8420
DA:903,8420
DA:906,8420
DA:907,8420
FN:918,WithHSGHarnessInstanceTest._generateUniqueECDSASignatures
FNDA:514,WithHSGHarnessInstanceTest._generateUniqueECDSASignatures
DA:924,514
DA:925,514
DA:926,514
DA:928,514
DA:930,5270
DA:932,10164
DA:936,5270
DA:939,5270
DA:940,5270
DA:943,5270
DA:946,5270
DA:949,5270
DA:950,5270
DA:953,5270
DA:954,5270
DA:957,5270
DA:960,5270
DA:961,5270
DA:962,2782
BRDA:962,2,0,2782
DA:963,2782
DA:964,2782
FN:974,WithHSGHarnessInstanceTest._generateUniqueNonECDSASignatures
FNDA:514,WithHSGHarnessInstanceTest._generateUniqueNonECDSASignatures
DA:978,514
DA:979,514
DA:980,514
DA:982,514
DA:984,5470
DA:986,10340
DA:990,5470
DA:993,5470
DA:994,5470
DA:997,5470
DA:1000,5470
DA:1001,5470
DA:1004,5470
DA:1005,5470
DA:1008,5470
DA:1011,5470
DA:1012,5470
DA:1013,2880
BRDA:1013,3,0,2880
DA:1014,2880
DA:1015,2880
FN:1020,WithHSGHarnessInstanceTest._assertTransientStateVariables
FNDA:776,WithHSGHarnessInstanceTest._assertTransientStateVariables
DA:1027,776
DA:1028,776
DA:1029,776
BRDA:1029,4,0,1
BRDA:1029,4,1,775
DA:1030,1
DA:1031,1
DA:1032,1
DA:1034,775
DA:1035,775
DA:1036,775
FN:1042,WithHSGHarnessInstanceTest.assertCorrectTransientState
FNDA:256,WithHSGHarnessInstanceTest.assertCorrectTransientState
DA:1047,256
DA:1048,256
DA:1049,256
FNF:57
FNH:42
LF:329
LH:258
BRF:27
BRH:17
end_of_record
TN:
SF:test/harnesses/HatsSignerGateHarness.sol
FN:18,HatsSignerGateHarness.
FNDA:70,HatsSignerGateHarness.
FN:40,HatsSignerGateHarness.setExistingOwnersHash
FNDA:258,HatsSignerGateHarness.setExistingOwnersHash
DA:41,258
FN:44,HatsSignerGateHarness.setExistingThreshold
FNDA:259,HatsSignerGateHarness.setExistingThreshold
DA:45,259
FN:48,HatsSignerGateHarness.setExistingFallbackHandler
FNDA:258,HatsSignerGateHarness.setExistingFallbackHandler
DA:49,258
FN:56,HatsSignerGateHarness.exposed_checkOwner
FNDA:51,HatsSignerGateHarness.exposed_checkOwner
DA:57,51
FN:60,HatsSignerGateHarness.exposed_checkUnlocked
FNDA:2,HatsSignerGateHarness.exposed_checkUnlocked
DA:61,2
FN:64,HatsSignerGateHarness.exposed_lock
FNDA:2,HatsSignerGateHarness.exposed_lock
DA:65,2
FN:68,HatsSignerGateHarness.exposed_setDelegatecallTarget
FNDA:768,HatsSignerGateHarness.exposed_setDelegatecallTarget
DA:69,768
FN:72,HatsSignerGateHarness.exposed_setClaimableFor
FNDA:257,HatsSignerGateHarness.exposed_setClaimableFor
DA:73,257
FN:76,HatsSignerGateHarness.exposed_registerSigner
FNDA:8675,HatsSignerGateHarness.exposed_registerSigner
DA:77,8675
FN:80,HatsSignerGateHarness.exposed_addSigner
FNDA:10212,HatsSignerGateHarness.exposed_addSigner
DA:81,10212
FN:84,HatsSignerGateHarness.exposed_removeSigner
FNDA:769,HatsSignerGateHarness.exposed_removeSigner
DA:85,769
FN:88,HatsSignerGateHarness.exposed_setOwnerHat
FNDA:257,HatsSignerGateHarness.exposed_setOwnerHat
DA:89,257
FN:92,HatsSignerGateHarness.exposed_addSignerHats
FNDA:1287,HatsSignerGateHarness.exposed_addSignerHats
DA:93,1287
FN:96,HatsSignerGateHarness.exposed_setThresholdConfig
FNDA:3337,HatsSignerGateHarness.exposed_setThresholdConfig
DA:97,3080
FN:100,HatsSignerGateHarness.exposed_countValidSigners
FNDA:257,HatsSignerGateHarness.exposed_countValidSigners
DA:101,257
FN:104,HatsSignerGateHarness.exposed_countValidSignatures
FNDA:1028,HatsSignerGateHarness.exposed_countValidSignatures
DA:109,1028
FN:112,HatsSignerGateHarness.exposed_checkModuleTransaction
FNDA:769,HatsSignerGateHarness.exposed_checkModuleTransaction
DA:113,769
FN:116,HatsSignerGateHarness.exposed_checkSafeState
FNDA:261,HatsSignerGateHarness.exposed_checkSafeState
DA:117,261
FN:120,HatsSignerGateHarness.exposed_enableModule
FNDA:0,HatsSignerGateHarness.exposed_enableModule
DA:121,0
FN:124,HatsSignerGateHarness.exposed_setGuard
FNDA:0,HatsSignerGateHarness.exposed_setGuard
DA:125,0
FN:128,HatsSignerGateHarness.exposed_getRequiredValidSignatures
FNDA:1542,HatsSignerGateHarness.exposed_getRequiredValidSignatures
DA:129,1542
FN:132,HatsSignerGateHarness.exposed_getNewThreshold
FNDA:9644,HatsSignerGateHarness.exposed_getNewThreshold
DA:133,9644
FN:136,HatsSignerGateHarness.exposed_existingOwnersHash
FNDA:256,HatsSignerGateHarness.exposed_existingOwnersHash
DA:137,256
FN:140,HatsSignerGateHarness.exposed_existingThreshold
FNDA:256,HatsSignerGateHarness.exposed_existingThreshold
DA:141,256
FN:144,HatsSignerGateHarness.exposed_existingFallbackHandler
FNDA:256,HatsSignerGateHarness.exposed_existingFallbackHandler
DA:145,256
FN:148,HatsSignerGateHarness.exposed_operation
FNDA:0,HatsSignerGateHarness.exposed_operation
DA:149,0
FN:152,HatsSignerGateHarness.exposed_guardEntries
FNDA:0,HatsSignerGateHarness.exposed_guardEntries
DA:153,0
FN:157,HatsSignerGateHarness.exposed_checkTransaction
FNDA:776,HatsSignerGateHarness.exposed_checkTransaction
DA:170,776
DA:173,258
DA:174,258
DA:175,258
DA:176,258
DA:177,258
FN:181,HatsSignerGateHarness.exposed_checkAfterExecution
FNDA:771,HatsSignerGateHarness.exposed_checkAfterExecution
DA:183,771
DA:185,771
FNF:30
FNH:26
LF:35
LH:31
BRF:0
BRH:0
end_of_record
TN:
SF:test/harnesses/SafeManagerLibHarness.sol
FN:14,SafeManagerLibHarness.deploySafeAndAttachHSG
FNDA:1,SafeManagerLibHarness.deploySafeAndAttachHSG
DA:20,1
FN:25,SafeManagerLibHarness.encodeEnableModuleAction
FNDA:0,SafeManagerLibHarness.encodeEnableModuleAction
DA:26,0
FN:29,SafeManagerLibHarness.encodeDisableModuleAction
FNDA:0,SafeManagerLibHarness.encodeDisableModuleAction
DA:34,0
FN:37,SafeManagerLibHarness.encodeSetGuardAction
FNDA:0,SafeManagerLibHarness.encodeSetGuardAction
DA:38,0
FN:41,SafeManagerLibHarness.encodeRemoveHSGAsGuardAction
FNDA:0,SafeManagerLibHarness.encodeRemoveHSGAsGuardAction
DA:42,0
FN:45,SafeManagerLibHarness.encodeSwapOwnerAction
FNDA:0,SafeManagerLibHarness.encodeSwapOwnerAction
DA:50,0
FN:53,SafeManagerLibHarness.encodeRemoveOwnerAction
FNDA:0,SafeManagerLibHarness.encodeRemoveOwnerAction
DA:58,0
FN:61,SafeManagerLibHarness.encodeAddOwnerWithThresholdAction
FNDA:0,SafeManagerLibHarness.encodeAddOwnerWithThresholdAction
DA:62,0
FN:65,SafeManagerLibHarness.encodeChangeThresholdAction
FNDA:0,SafeManagerLibHarness.encodeChangeThresholdAction
DA:66,0
FN:69,SafeManagerLibHarness.execSafeTransactionFromHSG
FNDA:0,SafeManagerLibHarness.execSafeTransactionFromHSG
DA:70,0
FN:73,SafeManagerLibHarness.execDisableHSGAsOnlyModule
FNDA:1,SafeManagerLibHarness.execDisableHSGAsOnlyModule
DA:74,1
FN:77,SafeManagerLibHarness.execDisableHSGAsModule
FNDA:257,SafeManagerLibHarness.execDisableHSGAsModule
DA:78,257
FN:81,SafeManagerLibHarness.execRemoveHSGAsGuard
FNDA:1,SafeManagerLibHarness.execRemoveHSGAsGuard
DA:82,1
FN:85,SafeManagerLibHarness.execAttachNewHSG
FNDA:1,SafeManagerLibHarness.execAttachNewHSG
DA:86,1
FN:89,SafeManagerLibHarness.execChangeThreshold
FNDA:514,SafeManagerLibHarness.execChangeThreshold
DA:90,514
FN:93,SafeManagerLibHarness.getSafeGuard
FNDA:0,SafeManagerLibHarness.getSafeGuard
DA:94,0
FN:97,SafeManagerLibHarness.getSafeFallbackHandler
FNDA:0,SafeManagerLibHarness.getSafeFallbackHandler
DA:98,0
FN:101,SafeManagerLibHarness.getModulesWith1
FNDA:0,SafeManagerLibHarness.getModulesWith1
DA:102,0
FN:105,SafeManagerLibHarness.canAttachHSG
FNDA:0,SafeManagerLibHarness.canAttachHSG
DA:106,0
FN:109,SafeManagerLibHarness.findPrevOwner
FNDA:0,SafeManagerLibHarness.findPrevOwner
DA:110,0
FNF:20
FNH:6
LF:20
LH:6
BRF:0
BRH:0
end_of_record
TN:
SF:test/mocks/TestGuard.sol
FN:20,TestGuard.
FNDA:633,TestGuard.
DA:21,633
DA:22,633
FN:25,TestGuard.setModule
FNDA:0,TestGuard.setModule
DA:26,0
FN:30,TestGuard.disallowExecution
FNDA:2,TestGuard.disallowExecution
DA:31,2
FN:34,TestGuard.checkTransaction
FNDA:6,TestGuard.checkTransaction
DA:47,6
BRDA:47,0,0,-
BRDA:47,0,1,6
DA:48,6
BRDA:48,1,0,2
BRDA:48,1,1,4
DA:49,4
BRDA:49,2,0,-
BRDA:49,2,1,4
DA:50,4
BRDA:50,3,0,-
BRDA:50,3,1,4
DA:51,4
FN:54,TestGuard.checkAfterExecution
FNDA:4,TestGuard.checkAfterExecution
DA:56,4
BRDA:56,4,0,2
BRDA:56,4,1,2
DA:58,2
FN:61,TestGuard.setUp
FNDA:633,TestGuard.setUp
DA:62,633
DA:63,633
FNF:6
FNH:5
LF:13
LH:12
BRF:10
BRH:7
end_of_record
