TN:
SF:script/HatsSignerGate.s.sol
FN:13,BaseScript.getChainKey
FNDA:668,BaseScript.getChainKey
DA:14,668
FN:35,DeployImplementation.setDeployParams
FNDA:0,DeployImplementation.setDeployParams
DA:36,77
DA:37,77
DA:38,77
DA:39,77
DA:41,77
DA:44,77
FN:48,DeployImplementation.prepare
FNDA:77,DeployImplementation.prepare
DA:49,77
FN:52,DeployImplementation.run
FNDA:77,DeployImplementation.run
DA:53,77
DA:54,77
DA:55,77
DA:56,77
DA:58,77
DA:61,77
DA:63,0
BRDA:63,0,0,-
DA:64,0
DA:65,0
DA:66,0
DA:67,0
DA:68,0
DA:69,0
DA:72,77
FN:94,DeployInstance.prepare
FNDA:591,DeployInstance.prepare
DA:106,591
DA:107,591
DA:108,591
DA:109,591
DA:110,591
DA:111,591
DA:112,591
DA:113,591
DA:114,591
DA:115,591
FN:118,DeployInstance.setModuleFactory
FNDA:0,DeployInstance.setModuleFactory
DA:119,591
DA:120,591
DA:121,591
DA:122,591
DA:124,591
DA:127,591
FN:130,DeployInstance.setupParams
FNDA:0,DeployInstance.setupParams
DA:131,591
DA:141,0
FN:144,DeployInstance.run
FNDA:591,DeployInstance.run
DA:145,591
DA:147,591
DA:148,591
DA:149,591
DA:151,591
DA:155,591
DA:157,5
BRDA:157,0,0,5
DA:158,5
BRDA:158,1,0,-
DA:159,0
DA:163,591
FNF:8
FNH:5
LF:50
LH:41
BRF:3
BRH:1
end_of_record
TN:
SF:src/HatsSignerGate.sol
FN:95,HatsSignerGate._checkOwner
FNDA:3360,HatsSignerGate._checkOwner
DA:96,3360
BRDA:96,0,0,6
FN:100,HatsSignerGate._checkUnlocked
FNDA:3366,HatsSignerGate._checkUnlocked
DA:101,6
BRDA:101,1,0,6
FN:108,HatsSignerGate.
FNDA:77,HatsSignerGate.
DA:115,77
DA:116,77
DA:117,77
DA:118,77
DA:119,77
DA:122,77
FN:130,HatsSignerGate.setUp
FNDA:592,HatsSignerGate.setUp
DA:131,591
DA:134,591
BRDA:134,2,0,330
DA:135,330
DA:141,591
DA:144,262
BRDA:144,3,0,262
DA:147,591
DA:150,591
DA:151,591
DA:152,591
DA:153,591
DA:156,591
FN:167,HatsSignerGate.claimSigner
FNDA:3567,HatsSignerGate.claimSigner
DA:168,3567
FN:172,HatsSignerGate.claimSignerFor
FNDA:6,HatsSignerGate.claimSignerFor
DA:174,6
BRDA:174,4,0,1
DA:176,5
FN:180,HatsSignerGate.claimSignersFor
FNDA:2304,HatsSignerGate.claimSignersFor
DA:182,2304
BRDA:182,5,0,512
DA:185,1792
DA:186,1792
BRDA:186,6,0,256
DA:188,1536
DA:191,1536
DA:192,5890
DA:193,5890
DA:196,5890
DA:199,5122
BRDA:199,7,0,3768
DA:202,3768
DA:205,3768
DA:208,3768
DA:211,3768
DA:214,3768
BRDA:214,8,0,421
BRDA:214,8,1,3347
DA:215,421
DA:220,3347
DA:224,3347
BRDA:224,9,0,787
DA:225,787
DA:228,3347
DA:232,3768
BRDA:232,10,0,-
FN:238,HatsSignerGate.removeSigner
FNDA:6,HatsSignerGate.removeSigner
DA:239,6
BRDA:239,11,0,2
DA:241,4
FN:249,HatsSignerGate.lock
FNDA:6,HatsSignerGate.lock
DA:250,6
DA:251,6
DA:252,6
FN:256,HatsSignerGate.setOwnerHat
FNDA:0,HatsSignerGate.setOwnerHat
DA:257,0
DA:258,0
DA:259,0
FN:263,HatsSignerGate.addSignerHats
FNDA:259,HatsSignerGate.addSignerHats
DA:264,259
DA:265,258
DA:266,257
FN:270,HatsSignerGate.setTargetThreshold
FNDA:11,HatsSignerGate.setTargetThreshold
DA:271,11
DA:272,10
DA:273,9
BRDA:273,12,0,9
DA:274,9
DA:276,8
DA:277,8
BRDA:277,13,0,4
FN:282,HatsSignerGate.setMinThreshold
FNDA:4,HatsSignerGate.setMinThreshold
DA:283,4
DA:284,3
DA:285,2
FN:289,HatsSignerGate.setClaimableFor
FNDA:2568,HatsSignerGate.setClaimableFor
DA:290,2568
DA:291,2567
DA:292,2566
FN:296,HatsSignerGate.detachHSG
FNDA:3,HatsSignerGate.detachHSG
DA:297,3
DA:298,2
DA:299,1
DA:302,1
DA:303,1
DA:304,1
FN:308,HatsSignerGate.migrateToNewHSG
FNDA:515,HatsSignerGate.migrateToNewHSG
DA:311,515
DA:312,514
DA:315,513
DA:317,513
DA:319,513
DA:321,513
DA:324,513
DA:325,513
BRDA:325,14,0,512
DA:327,512
BRDA:327,15,0,-
DA:329,512
DA:331,257
FN:339,HatsSignerGate.checkTransaction
FNDA:18,HatsSignerGate.checkTransaction
DA:352,18
DA:355,18
BRDA:355,16,0,1
DA:358,17
BRDA:358,17,0,-
DA:359,0
DA:376,17
DA:379,17
DA:394,17
DA:398,17
DA:401,17
BRDA:401,18,0,5
DA:405,12
DA:409,12
DA:412,12
BRDA:412,19,0,1
FN:427,HatsSignerGate.checkAfterExecution
FNDA:11,HatsSignerGate.checkAfterExecution
DA:428,11
DA:429,11
BRDA:429,20,0,1
DA:433,10
DA:434,0
BRDA:434,21,0,-
DA:437,10
BRDA:437,22,0,1
DA:440,9
DA:443,9
BRDA:443,23,0,2
DA:446,7
BRDA:446,24,0,3
DA:449,4
DA:455,4
BRDA:455,25,0,2
BRDA:455,25,1,2
DA:457,2
BRDA:457,26,0,-
DA:460,2
FN:468,HatsSignerGate.isValidSigner
FNDA:2708,HatsSignerGate.isValidSigner
DA:470,30051
FN:474,HatsSignerGate.isValidSignerHat
FNDA:0,HatsSignerGate.isValidSignerHat
DA:475,9462
FN:479,HatsSignerGate.validSignerCount
FNDA:1555,HatsSignerGate.validSignerCount
DA:480,1563
FN:484,HatsSignerGate.canAttachToSafe
FNDA:0,HatsSignerGate.canAttachToSafe
DA:485,0
FN:489,HatsSignerGate.countValidSignatures
FNDA:0,HatsSignerGate.countValidSignatures
DA:495,17
DA:496,17
DA:497,17
DA:498,17
DA:499,17
DA:501,52
DA:502,35
DA:503,35
DA:504,1
BRDA:504,27,0,1
BRDA:503,27,1,34
DA:506,1
DA:507,34
DA:508,0
BRDA:508,28,0,-
BRDA:507,28,1,34
DA:510,0
DA:511,34
DA:512,0
BRDA:512,29,0,-
BRDA:511,29,1,34
DA:515,0
DA:519,34
DA:522,35
DA:523,30
BRDA:523,30,0,30
DA:525,30
FN:537,HatsSignerGate._setOwnerHat
FNDA:591,HatsSignerGate._setOwnerHat
DA:538,591
DA:539,591
FN:550,HatsSignerGate._addSignerHats
FNDA:848,HatsSignerGate._addSignerHats
DA:551,848
DA:552,5199
DA:555,848
FN:560,HatsSignerGate._setTargetThreshold
FNDA:600,HatsSignerGate._setTargetThreshold
DA:562,600
BRDA:562,31,0,1
DA:564,599
DA:565,599
FN:571,HatsSignerGate._setSafeThreshold
FNDA:4,HatsSignerGate._setSafeThreshold
DA:572,4
DA:575,4
DA:576,2
BRDA:576,32,0,2
DA:578,4
DA:579,4
BRDA:579,33,0,4
FN:586,HatsSignerGate._setMinThreshold
FNDA:593,HatsSignerGate._setMinThreshold
DA:587,593
BRDA:587,34,0,1
DA:589,592
DA:590,592
FN:596,HatsSignerGate._countValidSigners
FNDA:8672,HatsSignerGate._countValidSigners
DA:597,8672
DA:599,8672
DA:600,27302
DA:601,24185
BRDA:601,35,0,24185
DA:603,24185
FN:611,HatsSignerGate._setClaimableFor
FNDA:3157,HatsSignerGate._setClaimableFor
DA:612,3157
DA:613,3157
FN:619,HatsSignerGate._registerSigner
FNDA:9462,HatsSignerGate._registerSigner
DA:621,9462
BRDA:621,36,0,257
DA:624,9205
BRDA:624,37,0,514
DA:627,8691
BRDA:627,38,0,258
DA:630,8433
FN:639,HatsSignerGate._addSigner
FNDA:3572,HatsSignerGate._addSigner
DA:641,3572
DA:645,3311
DA:647,3311
DA:648,3311
BRDA:648,39,0,3311
DA:649,3311
DA:652,3311
DA:655,3311
DA:658,3311
DA:661,3311
DA:662,1060
BRDA:662,40,0,1060
BRDA:661,40,1,2251
DA:663,1060
DA:668,2251
DA:672,2251
DA:673,471
BRDA:673,41,0,471
DA:677,2251
DA:681,3311
BRDA:681,42,0,-
FN:688,HatsSignerGate._removeSigner
FNDA:4,HatsSignerGate._removeSigner
DA:689,4
DA:690,4
DA:691,4
DA:693,4
DA:694,2
BRDA:694,43,0,2
BRDA:693,43,1,2
DA:696,2
DA:698,2
DA:699,2
DA:702,2
DA:703,1
BRDA:703,44,0,1
DA:706,2
DA:711,4
BRDA:711,45,0,-
FN:717,HatsSignerGate._getCorrectThreshold
FNDA:26,HatsSignerGate._getCorrectThreshold
DA:718,26
DA:719,26
DA:720,26
DA:721,26
BRDA:721,46,0,4
BRDA:721,46,1,8
DA:722,22
BRDA:722,47,0,14
BRDA:722,47,1,8
DA:723,8
FN:727,HatsSignerGate._lock
FNDA:268,HatsSignerGate._lock
DA:728,268
DA:729,268
FN:735,HatsSignerGate._setCorrectThreshold
FNDA:17,HatsSignerGate._setCorrectThreshold
DA:736,17
DA:737,17
DA:739,17
DA:740,1
BRDA:740,48,0,1
DA:741,1
DA:744,16
FN:748,HatsSignerGate.
FNDA:0,HatsSignerGate.
FN:765,HatsSignerGate.execTransactionFromModule
FNDA:0,HatsSignerGate.execTransactionFromModule
DA:772,0
BRDA:772,49,0,-
DA:775,0
DA:779,0
BRDA:779,50,0,-
BRDA:778,50,1,-
DA:781,0
FN:793,HatsSignerGate.execTransactionFromModuleReturnData
FNDA:0,HatsSignerGate.execTransactionFromModuleReturnData
DA:800,0
BRDA:800,51,0,-
DA:803,0
DA:807,0
BRDA:807,52,0,-
BRDA:806,52,1,-
DA:809,0
FN:815,HatsSignerGate.disableModule
FNDA:0,HatsSignerGate.disableModule
DA:816,0
DA:817,0
DA:818,0
FN:823,HatsSignerGate.enableModule
FNDA:0,HatsSignerGate.enableModule
DA:824,0
DA:825,0
DA:826,0
FN:835,HatsSignerGate.setGuard
FNDA:0,HatsSignerGate.setGuard
DA:836,0
DA:837,0
DA:838,0
FNF:42
FNH:32
LF:216
LH:189
BRF:64
BRH:49
end_of_record
TN:
SF:src/lib/SafeManagerLib.sol
FN:50,SafeManagerLib.deploySafeAndAttachHSG
FNDA:330,SafeManagerLib.deploySafeAndAttachHSG
DA:56,330
DA:59,330
DA:60,330
DA:62,330
DA:77,330
DA:80,330
DA:81,330
DA:84,330
FN:101,SafeManagerLib.encodeEnableModuleAction
FNDA:843,SafeManagerLib.encodeEnableModuleAction
DA:102,843
FN:107,SafeManagerLib.encodeDisableModuleAction
FNDA:514,SafeManagerLib.encodeDisableModuleAction
DA:112,514
FN:120,SafeManagerLib.encodeSetGuardAction
FNDA:1357,SafeManagerLib.encodeSetGuardAction
DA:121,1357
FN:125,SafeManagerLib.encodeRemoveHSGAsGuardAction
FNDA:0,SafeManagerLib.encodeRemoveHSGAsGuardAction
DA:127,0
FN:135,SafeManagerLib.encodeSwapOwnerAction
FNDA:1483,SafeManagerLib.encodeSwapOwnerAction
DA:140,1483
FN:145,SafeManagerLib.encodeRemoveOwnerAction
FNDA:2,SafeManagerLib.encodeRemoveOwnerAction
DA:150,2
FN:154,SafeManagerLib.encodeAddOwnerWithThresholdAction
FNDA:5598,SafeManagerLib.encodeAddOwnerWithThresholdAction
DA:159,5598
FN:167,SafeManagerLib.encodeChangeThresholdAction
FNDA:5,SafeManagerLib.encodeChangeThresholdAction
DA:168,5
FN:176,SafeManagerLib.execSafeTransactionFromHSG
FNDA:9142,SafeManagerLib.execSafeTransactionFromHSG
DA:178,9142
FN:182,SafeManagerLib.execDisableHSGAsOnlyModule
FNDA:1,SafeManagerLib.execDisableHSGAsOnlyModule
DA:184,1
DA:187,1
BRDA:187,0,0,-
FN:192,SafeManagerLib.execDisableHSGAsModule
FNDA:513,SafeManagerLib.execDisableHSGAsModule
DA:193,513
DA:195,513
FN:200,SafeManagerLib.execRemoveHSGAsGuard
FNDA:514,SafeManagerLib.execRemoveHSGAsGuard
DA:201,514
DA:203,514
FN:207,SafeManagerLib.execAttachNewHSG
FNDA:513,SafeManagerLib.execAttachNewHSG
DA:208,513
DA:209,513
DA:211,513
DA:212,513
FN:216,SafeManagerLib.execChangeThreshold
FNDA:5,SafeManagerLib.execChangeThreshold
DA:217,5
FN:225,SafeManagerLib.getSafeGuard
FNDA:10,SafeManagerLib.getSafeGuard
DA:226,10
FN:232,SafeManagerLib.getModulesWith1
FNDA:4,SafeManagerLib.getModulesWith1
DA:233,4
FN:238,SafeManagerLib.canAttachHSG
FNDA:0,SafeManagerLib.canAttachHSG
DA:239,0
DA:241,0
FN:249,SafeManagerLib.findPrevOwner
FNDA:2,SafeManagerLib.findPrevOwner
DA:250,2
DA:252,2
DA:253,2
DA:254,2
BRDA:254,1,0,2
DA:255,1
FNF:19
FNH:17
LF:37
LH:34
BRF:2
BRH:1
end_of_record
TN:
SF:src/lib/zodiac-modified/GuardableUnowned.sol
FN:20,GuardableUnowned.setGuard
FNDA:0,GuardableUnowned.setGuard
DA:21,0
BRDA:21,0,0,-
DA:22,0
BRDA:22,1,0,-
DA:23,0
DA:26,0
DA:27,0
FN:30,GuardableUnowned.getGuard
FNDA:0,GuardableUnowned.getGuard
DA:31,0
FNF:2
FNH:0
LF:6
LH:0
BRF:2
BRH:0
end_of_record
TN:
SF:src/lib/zodiac-modified/ModifierUnowned.sol
FN:71,ModifierUnowned.moduleOnly
FNDA:0,ModifierUnowned.moduleOnly
DA:72,0
BRDA:72,0,0,-
DA:73,0
DA:76,0
BRDA:76,1,0,-
DA:77,0
DA:81,0
BRDA:81,2,0,-
DA:82,0
DA:85,0
DA:86,0
FN:96,ModifierUnowned.disableModule
FNDA:0,ModifierUnowned.disableModule
DA:97,0
BRDA:97,3,0,-
DA:98,0
DA:100,0
BRDA:100,4,0,-
DA:101,0
DA:102,0
DA:103,0
FN:109,ModifierUnowned.enableModule
FNDA:0,ModifierUnowned.enableModule
DA:110,0
BRDA:110,5,0,-
DA:111,0
DA:113,0
BRDA:113,6,0,-
DA:114,0
DA:115,0
DA:116,0
FN:121,ModifierUnowned.isModuleEnabled
FNDA:0,ModifierUnowned.isModuleEnabled
DA:122,0
FN:132,ModifierUnowned.getModulesPaginated
FNDA:0,ModifierUnowned.getModulesPaginated
DA:137,0
BRDA:137,7,0,-
DA:138,0
DA:140,0
BRDA:140,8,0,-
DA:141,0
DA:145,0
DA:148,0
DA:149,0
DA:150,0
DA:151,0
DA:152,0
DA:153,0
DA:163,0
BRDA:163,9,0,-
DA:164,0
DA:169,0
FN:175,ModifierUnowned.setupModules
FNDA:0,ModifierUnowned.setupModules
DA:176,0
BRDA:176,10,0,-
DA:177,0
DA:179,0
FNF:6
FNH:0
LF:38
LH:0
BRF:11
BRH:0
end_of_record
TN:
SF:test/TestSuite.t.sol
FN:23,SafeTestHelpers._getEthTransferSafeTxHash
FNDA:0,SafeTestHelpers._getEthTransferSafeTxHash
DA:24,0
FN:39,SafeTestHelpers._getTxHash
FNDA:15,SafeTestHelpers._getTxHash
DA:44,15
FN:59,SafeTestHelpers._createNSigsForTx
FNDA:18,SafeTestHelpers._createNSigsForTx
DA:60,18
DA:61,18
DA:62,18
DA:63,18
DA:64,18
DA:66,18
DA:68,40
DA:70,40
DA:72,40
DA:73,40
DA:75,18
DA:77,18
DA:78,40
DA:80,40
FN:84,SafeTestHelpers._signaturesForEthTransferTx
FNDA:0,SafeTestHelpers._signaturesForEthTransferTx
DA:89,0
DA:92,0
DA:93,0
DA:94,0
DA:95,0
DA:96,0
DA:98,0
DA:100,0
DA:102,0
DA:104,0
DA:105,0
DA:107,0
DA:109,0
DA:110,0
DA:112,0
FN:116,SafeTestHelpers._createAddressesFromPks
FNDA:77,SafeTestHelpers._createAddressesFromPks
DA:121,77
DA:122,77
DA:124,77
DA:125,770
DA:126,770
FN:131,SafeTestHelpers._sort
FNDA:18,SafeTestHelpers._sort
DA:132,18
DA:133,18
DA:134,18
DA:135,17
DA:136,39
DA:137,22
DA:138,22
DA:139,22
BRDA:139,1,0,22
DA:140,22
DA:141,22
DA:142,22
DA:145,17
BRDA:145,2,0,-
DA:146,17
BRDA:146,3,0,-
FN:149,SafeTestHelpers._findPrevOwner
FNDA:2,SafeTestHelpers._findPrevOwner
DA:150,2
DA:152,2
DA:153,2
BRDA:153,4,0,2
DA:154,2
DA:155,0
FN:161,SafeTestHelpers._getSafeTxHash
FNDA:0,SafeTestHelpers._getSafeTxHash
DA:162,0
FN:178,SafeTestHelpers._executeSafeTxFrom
FNDA:0,SafeTestHelpers._executeSafeTxFrom
DA:179,0
FN:241,TestSuite.setUp
FNDA:77,TestSuite.setUp
DA:243,77
DA:246,77
DA:247,77
DA:248,77
DA:251,77
DA:252,77
DA:253,77
DA:254,77
DA:255,77
DA:256,77
DA:259,77
DA:262,77
DA:263,77
DA:265,77
DA:266,77
DA:267,77
DA:269,77
DA:270,385
DA:274,77
DA:275,77
DA:277,77
DA:280,77
DA:281,77
FN:288,TestSuite._deploySafe
FNDA:256,TestSuite._deploySafe
DA:290,256
DA:303,256
FN:306,TestSuite._deployHSG
FNDA:256,TestSuite._deployHSG
DA:318,256
DA:319,256
DA:332,256
BRDA:332,0,0,-
DA:333,0
DA:337,256
FN:340,TestSuite._deployHSGAndSafe
FNDA:330,TestSuite._deployHSGAndSafe
DA:350,330
DA:351,330
DA:363,330
DA:364,330
FN:367,TestSuite._getSafeGuard
FNDA:772,TestSuite._getSafeGuard
DA:368,772
FN:375,TestSuite._addSignersSameHat
FNDA:795,TestSuite._addSignersSameHat
DA:376,795
DA:377,3040
DA:378,3040
DA:379,3040
FN:383,TestSuite._addSignersDifferentHats
FNDA:6,TestSuite._addSignersDifferentHats
DA:384,6
DA:385,11
DA:386,11
DA:387,11
FN:391,TestSuite._setSignerValidity
FNDA:13382,TestSuite._setSignerValidity
DA:392,12852
BRDA:392,1,0,12852
BRDA:392,1,1,530
DA:393,12852
DA:395,12596
DA:396,12596
DA:399,530
DA:400,530
FN:404,TestSuite.assertValidSignerHats
FNDA:0,TestSuite.assertValidSignerHats
DA:405,512
DA:406,2560
FN:412,WithHSGInstanceTest.setUp
FNDA:74,WithHSGInstanceTest.setUp
DA:413,74
DA:415,74
FNF:19
FNH:14
LF:109
LH:89
BRF:7
BRH:4
end_of_record
